c:\users\kasia\desktop\sem. iii - informatics\computer programming\pacman\pacman\debug\vc142.pdb
c:\users\kasia\desktop\sem. iii - informatics\computer programming\pacman\pacman\debug\vc142.idb
c:\users\kasia\desktop\sem. iii - informatics\computer programming\pacman\pacman\debug\pacman.obj
c:\users\kasia\desktop\sem. iii - informatics\computer programming\pacman\pacman\debug\main.obj
c:\users\kasia\desktop\sem. iii - informatics\computer programming\pacman\pacman\debug\ghost.obj
c:\users\kasia\desktop\sem. iii - informatics\computer programming\pacman\pacman\debug\entity.obj
c:\users\kasia\desktop\sem. iii - informatics\computer programming\pacman\pacman\debug\inky.obj
c:\users\kasia\desktop\sem. iii - informatics\computer programming\pacman\pacman\debug\pinky.obj
c:\users\kasia\desktop\sem. iii - informatics\computer programming\pacman\pacman\debug\clyde.obj
c:\users\kasia\desktop\sem. iii - informatics\computer programming\pacman\pacman\debug\blinky.obj
c:\users\kasia\desktop\sem. iii - informatics\computer programming\pacman\pacman\debug\functions.obj
c:\users\kasia\desktop\sem. iii - informatics\computer programming\pacman\pacman\debug\map.obj
c:\users\kasia\desktop\sem. iii - informatics\computer programming\pacman\debug\pacman.pdb
c:\users\kasia\desktop\sem. iii - informatics\computer programming\pacman\pacman\debug\pacman.tlog\cl.command.1.tlog
c:\users\kasia\desktop\sem. iii - informatics\computer programming\pacman\pacman\debug\pacman.tlog\cl.read.1.tlog
c:\users\kasia\desktop\sem. iii - informatics\computer programming\pacman\pacman\debug\pacman.tlog\cl.write.1.tlog
c:\users\kasia\desktop\sem. iii - informatics\computer programming\pacman\pacman\debug\pacman.tlog\link-cvtres.read.1.tlog
c:\users\kasia\desktop\sem. iii - informatics\computer programming\pacman\pacman\debug\pacman.tlog\link-cvtres.write.1.tlog
c:\users\kasia\desktop\sem. iii - informatics\computer programming\pacman\pacman\debug\pacman.tlog\link-rc.read.1.tlog
c:\users\kasia\desktop\sem. iii - informatics\computer programming\pacman\pacman\debug\pacman.tlog\link-rc.write.1.tlog
c:\users\kasia\desktop\sem. iii - informatics\computer programming\pacman\pacman\debug\pacman.tlog\link.1444-cvtres.read.1.tlog
c:\users\kasia\desktop\sem. iii - informatics\computer programming\pacman\pacman\debug\pacman.tlog\link.1444-cvtres.write.1.tlog
c:\users\kasia\desktop\sem. iii - informatics\computer programming\pacman\pacman\debug\pacman.tlog\link.1444-rc.read.1.tlog
c:\users\kasia\desktop\sem. iii - informatics\computer programming\pacman\pacman\debug\pacman.tlog\link.1444-rc.write.1.tlog
c:\users\kasia\desktop\sem. iii - informatics\computer programming\pacman\pacman\debug\pacman.tlog\link.1444.read.1.tlog
c:\users\kasia\desktop\sem. iii - informatics\computer programming\pacman\pacman\debug\pacman.tlog\link.1444.write.1.tlog
c:\users\kasia\desktop\sem. iii - informatics\computer programming\pacman\pacman\debug\pacman.tlog\link.command.1.tlog
c:\users\kasia\desktop\sem. iii - informatics\computer programming\pacman\pacman\debug\pacman.tlog\link.read.1.tlog
c:\users\kasia\desktop\sem. iii - informatics\computer programming\pacman\pacman\debug\pacman.tlog\link.write.1.tlog
